Heap:
 PSYoungGen      total 115712K, used 104151K [0x000000076b800000, 0x0000000774a00000, 0x00000007c0000000)
  eden space 92672K, 87% used [0x000000076b800000,0x000000077073f438,0x0000000771280000)
  from space 23040K, 99% used [0x0000000772c00000,0x0000000774276b20,0x0000000774280000)
  to   space 26112K, 0% used [0x0000000771280000,0x0000000771280000,0x0000000772c00000)
 ParOldGen       total 172544K, used 33220K [0x00000006c2800000, 0x00000006cd080000, 0x000000076b800000)
  object space 172544K, 19% used [0x00000006c2800000,0x00000006c4871108,0x00000006cd080000)
 Metaspace       used 42731K, capacity 43718K, committed 43904K, reserved 1087488K
  class space    used 4616K, capacity 4966K, committed 4992K, reserved 1048576K
GC Heap History (10 events):
Event: 204.518 GC heap before
{Heap before GC invocations=12 (full 1):
 PSYoungGen      total 91136K, used 59572K [0x000000076b800000, 0x0000000772200000, 0x00000007c0000000)
  eden space 76800K, 61% used [0x000000076b800000,0x000000076e625248,0x0000000770300000)
  from space 14336K, 85% used [0x0000000771200000,0x0000000771e07db8,0x0000000772000000)
  to   space 15360K, 0% used [0x0000000770300000,0x0000000770300000,0x0000000771200000)
 ParOldGen       total 117248K, used 12624K [0x00000006c2800000, 0x00000006c9a80000, 0x000000076b800000)
  object space 117248K, 10% used [0x00000006c2800000,0x00000006c34540e8,0x00000006c9a80000)
 Metaspace       used 34537K, capacity 35404K, committed 35496K, reserved 1081344K
  class space    used 3796K, capacity 4081K, committed 4096K, reserved 1048576K
Event: 204.530 GC heap after
Heap after GC invocations=12 (full 1):
 PSYoungGen      total 86016K, used 10298K [0x000000076b800000, 0x0000000771e80000, 0x00000007c0000000)
  eden space 75264K, 0% used [0x000000076b800000,0x000000076b800000,0x0000000770180000)
  from space 10752K, 95% used [0x0000000770300000,0x0000000770d0ebe0,0x0000000770d80000)
  to   space 14848K, 0% used [0x0000000771000000,0x0000000771000000,0x0000000771e80000)
 ParOldGen       total 117248K, used 12632K [0x00000006c2800000, 0x00000006c9a80000, 0x000000076b800000)
  object space 117248K, 10% used [0x00000006c2800000,0x00000006c34560e8,0x00000006c9a80000)
 Metaspace       used 34537K, capacity 35404K, committed 35496K, reserved 1081344K
  class space    used 3796K, capacity 4081K, committed 4096K, reserved 1048576K
}
Event: 204.530 GC heap before
{Heap before GC invocations=13 (full 2):
 PSYoungGen      total 86016K, used 10298K [0x000000076b800000, 0x0000000771e80000, 0x00000007c0000000)
  eden space 75264K, 0% used [0x000000076b800000,0x000000076b800000,0x0000000770180000)
  from space 10752K, 95% used [0x0000000770300000,0x0000000770d0ebe0,0x0000000770d80000)
  to   space 14848K, 0% used [0x0000000771000000,0x0000000771000000,0x0000000771e80000)
 ParOldGen       total 117248K, used 12632K [0x00000006c2800000, 0x00000006c9a80000, 0x000000076b800000)
  object space 117248K, 10% used [0x00000006c2800000,0x00000006c34560e8,0x00000006c9a80000)
 Metaspace       used 34537K, capacity 35404K, committed 35496K, reserved 1081344K
  class space    used 3796K, capacity 4081K, committed 4096K, reserved 1048576K
Event: 204.651 GC heap after
Heap after GC invocations=13 (full 2):
 PSYoungGen      total 86016K, used 0K [0x000000076b800000, 0x0000000771e80000, 0x00000007c0000000)
  eden space 75264K, 0% used [0x000000076b800000,0x000000076b800000,0x0000000770180000)
  from space 10752K, 0% used [0x0000000770300000,0x0000000770300000,0x0000000770d80000)
  to   space 14848K, 0% used [0x0000000771000000,0x0000000771000000,0x0000000771e80000)
 ParOldGen       total 172544K, used 21796K [0x00000006c2800000, 0x00000006cd080000, 0x000000076b800000)
  object space 172544K, 12% used [0x00000006c2800000,0x00000006c3d49210,0x00000006cd080000)
 Metaspace       used 34537K, capacity 35404K, committed 35496K, reserved 1081344K
  class space    used 3796K, capacity 4081K, committed 4096K, reserved 1048576K
}
Event: 212.107 GC heap before
{Heap before GC invocations=14 (full 2):
 PSYoungGen      total 86016K, used 75264K [0x000000076b800000, 0x0000000771e80000, 0x00000007c0000000)
  eden space 75264K, 100% used [0x000000076b800000,0x0000000770180000,0x0000000770180000)
  from space 10752K, 0% used [0x0000000770300000,0x0000000770300000,0x0000000770d80000)
  to   space 14848K, 0% used [0x0000000771000000,0x0000000771000000,0x0000000771e80000)
 ParOldGen       total 172544K, used 21796K [0x00000006c2800000, 0x00000006cd080000, 0x000000076b800000)
  object space 172544K, 12% used [0x00000006c2800000,0x00000006c3d49210,0x00000006cd080000)
 Metaspace       used 38733K, capacity 39596K, committed 39680K, reserved 1085440K
  class space    used 4273K, capacity 4561K, committed 4608K, reserved 1048576K
Event: 212.120 GC heap after
Heap after GC invocations=14 (full 2):
 PSYoungGen      total 86528K, used 14831K [0x000000076b800000, 0x0000000772480000, 0x00000007c0000000)
  eden space 71680K, 0% used [0x000000076b800000,0x000000076b800000,0x000000076fe00000)
  from space 14848K, 99% used [0x0000000771000000,0x0000000771e7bf28,0x0000000771e80000)
  to   space 18432K, 0% used [0x000000076fe00000,0x000000076fe00000,0x0000000771000000)
 ParOldGen       total 172544K, used 26918K [0x00000006c2800000, 0x00000006cd080000, 0x000000076b800000)
  object space 172544K, 15% used [0x00000006c2800000,0x00000006c42498e8,0x00000006cd080000)
 Metaspace       used 38733K, capacity 39596K, committed 39680K, reserved 1085440K
  class space    used 4273K, capacity 4561K, committed 4608K, reserved 1048576K
}
Event: 213.407 GC heap before
{Heap before GC invocations=15 (full 2):
 PSYoungGen      total 86528K, used 86511K [0x000000076b800000, 0x0000000772480000, 0x00000007c0000000)
  eden space 71680K, 100% used [0x000000076b800000,0x000000076fe00000,0x000000076fe00000)
  from space 14848K, 99% used [0x0000000771000000,0x0000000771e7bf28,0x0000000771e80000)
  to   space 18432K, 0% used [0x000000076fe00000,0x000000076fe00000,0x0000000771000000)
 ParOldGen       total 172544K, used 26918K [0x00000006c2800000, 0x00000006cd080000, 0x000000076b800000)
  object space 172544K, 15% used [0x00000006c2800000,0x00000006c42498e8,0x00000006cd080000)
 Metaspace       used 39438K, capacity 40446K, committed 40576K, reserved 1085440K
  class space    used 4313K, capacity 4627K, committed 4736K, reserved 1048576K
Event: 213.420 GC heap after
Heap after GC invocations=15 (full 2):
 PSYoungGen      total 90112K, used 18404K [0x000000076b800000, 0x0000000774280000, 0x00000007c0000000)
  eden space 71680K, 0% used [0x000000076b800000,0x000000076b800000,0x000000076fe00000)
  from space 18432K, 99% used [0x000000076fe00000,0x0000000770ff93f0,0x0000000771000000)
  to   space 23040K, 0% used [0x0000000772c00000,0x0000000772c00000,0x0000000774280000)
 ParOldGen       total 172544K, used 33212K [0x00000006c2800000, 0x00000006cd080000, 0x000000076b800000)
  object space 172544K, 19% used [0x00000006c2800000,0x00000006c486f108,0x00000006cd080000)
 Metaspace       used 39438K, capacity 40446K, committed 40576K, reserved 1085440K
  class space    used 4313K, capacity 4627K, committed 4736K, reserved 1048576K
}
Event: 215.322 GC heap before
{Heap before GC invocations=16 (full 2):
 PSYoungGen      total 90112K, used 90084K [0x000000076b800000, 0x0000000774280000, 0x00000007c0000000)
  eden space 71680K, 100% used [0x000000076b800000,0x000000076fe00000,0x000000076fe00000)
  from space 18432K, 99% used [0x000000076fe00000,0x0000000770ff93f0,0x0000000771000000)
  to   space 23040K, 0% used [0x0000000772c00000,0x0000000772c00000,0x0000000774280000)
 ParOldGen       total 172544K, used 33212K [0x00000006c2800000, 0x00000006cd080000, 0x000000076b800000)
  object space 172544K, 19% used [0x00000006c2800000,0x00000006c486f108,0x00000006cd080000)
 Metaspace       used 41153K, capacity 42110K, committed 42240K, reserved 1087488K
  class space    used 4449K, capacity 4755K, committed 4864K, reserved 1048576K
Event: 215.341 GC heap after
Heap after GC invocations=16 (full 2):
 PSYoungGen      total 115712K, used 23002K [0x000000076b800000, 0x0000000774a00000, 0x00000007c0000000)
  eden space 92672K, 0% used [0x000000076b800000,0x000000076b800000,0x0000000771280000)
  from space 23040K, 99% used [0x0000000772c00000,0x0000000774276b20,0x0000000774280000)
  to   space 26112K, 0% used [0x0000000771280000,0x0000000771280000,0x0000000772c00000)
 ParOldGen       total 172544K, used 33220K [0x00000006c2800000, 0x00000006cd080000, 0x000000076b800000)
  object space 172544K, 19% used [0x00000006c2800000,0x00000006c4871108,0x00000006cd080000)
 Metaspace       used 41153K, capacity 42110K, committed 42240K, reserved 1087488K
  class space    used 4449K, capacity 4755K, committed 4864K, reserved 1048576K
}

